# JRE version: OpenJDK Runtime Environment Temurin-17.0.6+10 (17.0.6+10) (build 17.0.6+10)
# Java VM: OpenJDK 64-Bit Server VM Temurin-17.0.6+10 (17.0.6+10, mixed mode, emulated-client, tiered, compressed oops, compressed class ptrs, g1 gc, windows-amd64)
GC Precious Log:
 CPUs: 12 total, 12 available
 Memory: 16104M
 Large Page Support: Disabled
 NUMA Support: Disabled
 Compressed Oops: Enabled (32-bit)
 Heap Region Size: 1M
 Heap Min Capacity: 8M
 Heap Initial Capacity: 252M
 Heap Max Capacity: 1G
 Pre-touch: Disabled
 Parallel Workers: 10
 Concurrent Workers: 3
 Concurrent Refinement Workers: 10
 Periodic GC: Disabled
Heap:
 garbage-first heap   total 337920K, used 101145K [0x00000000c0000000, 0x0000000100000000)
  region size 1024K, 1 young (1024K), 0 survivors (0K)
 Metaspace       used 71992K, committed 72448K, reserved 1114112K
  class space    used 9855K, committed 10048K, reserved 1048576K
GC Heap History (20 events):
Event: 5798.941 GC heap after
{Heap after GC invocations=619 (full 487):
 garbage-first heap   total 337920K, used 99792K [0x00000000c0000000, 0x0000000100000000)
  region size 1024K, 0 young (0K), 0 survivors (0K)
 Metaspace       used 71992K, committed 72448K, reserved 1114112K
  class space    used 9855K, committed 10048K, reserved 1048576K
}
Event: 8740.782 GC heap before
{Heap before GC invocations=619 (full 487):
 garbage-first heap   total 337920K, used 99792K [0x00000000c0000000, 0x0000000100000000)
  region size 1024K, 1 young (1024K), 0 survivors (0K)
 Metaspace       used 71992K, committed 72448K, reserved 1114112K
  class space    used 9855K, committed 10048K, reserved 1048576K
}
Event: 8740.821 GC heap after
{Heap after GC invocations=620 (full 488):
 garbage-first heap   total 337920K, used 99792K [0x00000000c0000000, 0x0000000100000000)
  region size 1024K, 0 young (0K), 0 survivors (0K)
 Metaspace       used 71992K, committed 72448K, reserved 1114112K
  class space    used 9855K, committed 10048K, reserved 1048576K
}
Event: 8750.983 GC heap before
{Heap before GC invocations=620 (full 488):
 garbage-first heap   total 337920K, used 99792K [0x00000000c0000000, 0x0000000100000000)
  region size 1024K, 1 young (1024K), 0 survivors (0K)
 Metaspace       used 71992K, committed 72448K, reserved 1114112K
  class space    used 9855K, committed 10048K, reserved 1048576K
}
Event: 8751.020 GC heap after
{Heap after GC invocations=621 (full 489):
 garbage-first heap   total 337920K, used 99792K [0x00000000c0000000, 0x0000000100000000)
  region size 1024K, 0 young (0K), 0 survivors (0K)
 Metaspace       used 71992K, committed 72448K, reserved 1114112K
  class space    used 9855K, committed 10048K, reserved 1048576K
}
Event: 8783.781 GC heap before
{Heap before GC invocations=621 (full 489):
 garbage-first heap   total 337920K, used 117200K [0x00000000c0000000, 0x0000000100000000)
  region size 1024K, 18 young (18432K), 0 survivors (0K)
 Metaspace       used 71992K, committed 72448K, reserved 1114112K
  class space    used 9855K, committed 10048K, reserved 1048576K
}
Event: 8783.792 GC heap after
{Heap after GC invocations=622 (full 489):
 garbage-first heap   total 337920K, used 102720K [0x00000000c0000000, 0x0000000100000000)
  region size 1024K, 3 young (3072K), 3 survivors (3072K)
 Metaspace       used 71992K, committed 72448K, reserved 1114112K
  class space    used 9855K, committed 10048K, reserved 1048576K
}
Event: 8821.218 GC heap before
{Heap before GC invocations=623 (full 489):
 garbage-first heap   total 337920K, used 129344K [0x00000000c0000000, 0x0000000100000000)
  region size 1024K, 29 young (29696K), 3 survivors (3072K)
 Metaspace       used 71992K, committed 72448K, reserved 1114112K
  class space    used 9855K, committed 10048K, reserved 1048576K
}
Event: 8821.254 GC heap after
{Heap after GC invocations=624 (full 490):
 garbage-first heap   total 337920K, used 103084K [0x00000000c0000000, 0x0000000100000000)
  region size 1024K, 0 young (0K), 0 survivors (0K)
 Metaspace       used 71992K, committed 72448K, reserved 1114112K
  class space    used 9855K, committed 10048K, reserved 1048576K
}
Event: 8831.411 GC heap before
{Heap before GC invocations=624 (full 490):
 garbage-first heap   total 337920K, used 103084K [0x00000000c0000000, 0x0000000100000000)
  region size 1024K, 1 young (1024K), 0 survivors (0K)
 Metaspace       used 71992K, committed 72448K, reserved 1114112K
  class space    used 9855K, committed 10048K, reserved 1048576K
}
Event: 8831.456 GC heap after
{Heap after GC invocations=625 (full 491):
 garbage-first heap   total 337920K, used 101123K [0x00000000c0000000, 0x0000000100000000)
  region size 1024K, 0 young (0K), 0 survivors (0K)
 Metaspace       used 71992K, committed 72448K, reserved 1114112K
  class space    used 9855K, committed 10048K, reserved 1048576K
}
Event: 8841.658 GC heap before
{Heap before GC invocations=625 (full 491):
 garbage-first heap   total 337920K, used 101123K [0x00000000c0000000, 0x0000000100000000)
  region size 1024K, 1 young (1024K), 0 survivors (0K)
 Metaspace       used 71992K, committed 72448K, reserved 1114112K
  class space    used 9855K, committed 10048K, reserved 1048576K
}
Event: 8841.699 GC heap after
{Heap after GC invocations=626 (full 492):
 garbage-first heap   total 337920K, used 101123K [0x00000000c0000000, 0x0000000100000000)
  region size 1024K, 0 young (0K), 0 survivors (0K)
 Metaspace       used 71992K, committed 72448K, reserved 1114112K
  class space    used 9855K, committed 10048K, reserved 1048576K
}
Event: 8851.853 GC heap before
{Heap before GC invocations=626 (full 492):
 garbage-first heap   total 337920K, used 101123K [0x00000000c0000000, 0x0000000100000000)
  region size 1024K, 1 young (1024K), 0 survivors (0K)
 Metaspace       used 71992K, committed 72448K, reserved 1114112K
  class space    used 9855K, committed 10048K, reserved 1048576K
}
Event: 8851.894 GC heap after
{Heap after GC invocations=627 (full 493):
 garbage-first heap   total 337920K, used 101120K [0x00000000c0000000, 0x0000000100000000)
  region size 1024K, 0 young (0K), 0 survivors (0K)
 Metaspace       used 71992K, committed 72448K, reserved 1114112K
  class space    used 9855K, committed 10048K, reserved 1048576K
}
Event: 8862.051 GC heap before
{Heap before GC invocations=627 (full 493):
 garbage-first heap   total 337920K, used 101120K [0x00000000c0000000, 0x0000000100000000)
  region size 1024K, 1 young (1024K), 0 survivors (0K)
 Metaspace       used 71992K, committed 72448K, reserved 1114112K
  class space    used 9855K, committed 10048K, reserved 1048576K
}
Event: 8862.091 GC heap after
{Heap after GC invocations=628 (full 494):
 garbage-first heap   total 337920K, used 101120K [0x00000000c0000000, 0x0000000100000000)
  region size 1024K, 0 young (0K), 0 survivors (0K)
 Metaspace       used 71992K, committed 72448K, reserved 1114112K
  class space    used 9855K, committed 10048K, reserved 1048576K
}
Event: 8872.248 GC heap before
{Heap before GC invocations=628 (full 494):
 garbage-first heap   total 337920K, used 101120K [0x00000000c0000000, 0x0000000100000000)
  region size 1024K, 1 young (1024K), 0 survivors (0K)
 Metaspace       used 71992K, committed 72448K, reserved 1114112K
  class space    used 9855K, committed 10048K, reserved 1048576K
}
Event: 8872.288 GC heap after
{Heap after GC invocations=629 (full 495):
 garbage-first heap   total 337920K, used 101120K [0x00000000c0000000, 0x0000000100000000)
  region size 1024K, 0 young (0K), 0 survivors (0K)
 Metaspace       used 71992K, committed 72448K, reserved 1114112K
  class space    used 9855K, committed 10048K, reserved 1048576K
}
Event: 8882.418 GC heap before
{Heap before GC invocations=629 (full 495):
 garbage-first heap   total 337920K, used 101120K [0x00000000c0000000, 0x0000000100000000)
  region size 1024K, 1 young (1024K), 0 survivors (0K)
 Metaspace       used 71992K, committed 72448K, reserved 1114112K
  class space    used 9855K, committed 10048K, reserved 1048576K
}

